0 info it worked if it ends with ok
1 verbose cli [ 'node',
1 verbose cli   '/usr/local/bin/npm',
1 verbose cli   'install',
1 verbose cli   '-g',
1 verbose cli   'https://github.com/dben/generator-cg-angular.git' ]
2 info using npm@1.4.28
3 info using node@v0.10.33
4 verbose cache add [ 'https://github.com/dben/generator-cg-angular.git', null ]
5 verbose cache add name=undefined spec="https://github.com/dben/generator-cg-angular.git" args=["https://github.com/dben/generator-cg-angular.git",null]
6 verbose parsed url { protocol: 'https:',
6 verbose parsed url   slashes: true,
6 verbose parsed url   auth: null,
6 verbose parsed url   host: 'github.com',
6 verbose parsed url   port: null,
6 verbose parsed url   hostname: 'github.com',
6 verbose parsed url   hash: null,
6 verbose parsed url   search: null,
6 verbose parsed url   query: null,
6 verbose parsed url   pathname: '/dben/generator-cg-angular.git',
6 verbose parsed url   path: '/dben/generator-cg-angular.git',
6 verbose parsed url   href: 'https://github.com/dben/generator-cg-angular.git' }
7 silly lockFile ea6a4c0e-om-dben-generator-cg-angular-git https://github.com/dben/generator-cg-angular.git
8 verbose lock https://github.com/dben/generator-cg-angular.git /Users/davidbenson/.npm/ea6a4c0e-om-dben-generator-cg-angular-git.lock
9 verbose addRemoteTarball [ 'https://github.com/dben/generator-cg-angular.git', null ]
10 info retry fetch attempt 1 at 12:18:51
11 verbose fetch to= /var/folders/1j/0cg72q8s7p7f7hn82mpd5lnr0000gn/T/npm-46784--Cb+z8A+/github.com/dben/generator-cg-angular.git
12 http GET https://github.com/dben/generator-cg-angular.git
13 http 200 https://github.com/dben/generator-cg-angular.git
14 verbose tar unpack /var/folders/1j/0cg72q8s7p7f7hn82mpd5lnr0000gn/T/npm-46784--Cb+z8A+/github.com/dben/generator-cg-angular.git
15 silly lockFile a6b22666--generator-cg-angular-git-unpack tar:///var/folders/1j/0cg72q8s7p7f7hn82mpd5lnr0000gn/T/npm-46784--Cb+z8A+/github.com/dben/generator-cg-angular.git-unpack
16 verbose lock tar:///var/folders/1j/0cg72q8s7p7f7hn82mpd5lnr0000gn/T/npm-46784--Cb+z8A+/github.com/dben/generator-cg-angular.git-unpack /Users/davidbenson/.npm/a6b22666--generator-cg-angular-git-unpack.lock
17 silly lockFile 8b8975ac-om-dben-generator-cg-angular-git tar:///var/folders/1j/0cg72q8s7p7f7hn82mpd5lnr0000gn/T/npm-46784--Cb+z8A+/github.com/dben/generator-cg-angular.git
18 verbose lock tar:///var/folders/1j/0cg72q8s7p7f7hn82mpd5lnr0000gn/T/npm-46784--Cb+z8A+/github.com/dben/generator-cg-angular.git /Users/davidbenson/.npm/8b8975ac-om-dben-generator-cg-angular-git.lock
19 silly gunzTarPerm modes [ '755', '644' ]
20 error not a package /var/folders/1j/0cg72q8s7p7f7hn82mpd5lnr0000gn/T/npm-46784--Cb+z8A+/github.com/dben/generator-cg-angular.git
21 silly lockFile a6b22666--generator-cg-angular-git-unpack tar:///var/folders/1j/0cg72q8s7p7f7hn82mpd5lnr0000gn/T/npm-46784--Cb+z8A+/github.com/dben/generator-cg-angular.git-unpack
22 silly lockFile a6b22666--generator-cg-angular-git-unpack tar:///var/folders/1j/0cg72q8s7p7f7hn82mpd5lnr0000gn/T/npm-46784--Cb+z8A+/github.com/dben/generator-cg-angular.git-unpack
23 silly lockFile 8b8975ac-om-dben-generator-cg-angular-git tar:///var/folders/1j/0cg72q8s7p7f7hn82mpd5lnr0000gn/T/npm-46784--Cb+z8A+/github.com/dben/generator-cg-angular.git
24 silly lockFile 8b8975ac-om-dben-generator-cg-angular-git tar:///var/folders/1j/0cg72q8s7p7f7hn82mpd5lnr0000gn/T/npm-46784--Cb+z8A+/github.com/dben/generator-cg-angular.git
25 silly lockFile ea6a4c0e-om-dben-generator-cg-angular-git https://github.com/dben/generator-cg-angular.git
26 silly lockFile ea6a4c0e-om-dben-generator-cg-angular-git https://github.com/dben/generator-cg-angular.git
27 error Error: ENOENT, open '/var/folders/1j/0cg72q8s7p7f7hn82mpd5lnr0000gn/T/npm-46784--Cb+z8A+/github.com/dben/generator-cg-angular.git-unpack/package.json'
28 error If you need help, you may report this *entire* log,
28 error including the npm and node versions, at:
28 error     <http://github.com/npm/npm/issues>
29 error System Darwin 14.0.0
30 error command "node" "/usr/local/bin/npm" "install" "-g" "https://github.com/dben/generator-cg-angular.git"
31 error cwd /Users/davidbenson/Documents/Projects/generator-cg-angular
32 error node -v v0.10.33
33 error npm -v 1.4.28
34 error path /var/folders/1j/0cg72q8s7p7f7hn82mpd5lnr0000gn/T/npm-46784--Cb+z8A+/github.com/dben/generator-cg-angular.git-unpack/package.json
35 error code ENOENT
36 error errno 34
37 verbose exit [ 34, true ]
